<?xml version="1.0" encoding="UTF-8"?>
<!-- Generated by org.testng.reporters.JUnitReportReporter -->
<testsuite hostname="DESKTOP-40SP35D" failures="0" tests="2" name="Academy.E2EProject.HomePage" time="41.057" errors="0" timestamp="2022-06-26T08:58:23 PDT" skipped="0">
  <testcase classname="Academy.E2EProject.HomePage" name="baseNavigation" time="20.422"/>
  <system-out/>
  <testcase classname="Academy.E2EProject.HomePage" name="baseNavigation" time="20.635"/>
  <system-out/>
</testsuite> <!-- Academy.E2EProject.HomePage -->
