<?xml version="1.0" encoding="UTF-8"?>
<!-- Generated by org.testng.reporters.JUnitReportReporter -->
<testsuite hostname="DESKTOP-40SP35D" failures="0" tests="1" name="Academy.E2EProject.validateNavigationBar" time="0.224" errors="0" timestamp="2022-06-26T08:58:23 PDT" skipped="0">
  <testcase classname="Academy.E2EProject.validateNavigationBar" name="baseNavigation" time="0.224"/>
  <system-out/>
</testsuite> <!-- Academy.E2EProject.validateNavigationBar -->
